2025-09-21 18:53:54
signup-first-name=Umar&signup-last-name=Ali&signup_email=umarali667%40gmail.com&signup_password=2806668%40Pak&signup_confirm_password=2806668%40Pak&signup_terms=agreed&signup_country=PK&signup_business_name=NEXT&signup_business_type=sole&signup_business_reg=12345&signup_business_country=PK&signup_newsletter=1

2025-09-21 18:56:43
signup-first-name=Umar&signup-last-name=Ali&signup_email=umarali667%40gmail.com&signup_password=2806668%40Pak&signup_confirm_password=2806668%40Pak&signup_terms=agreed&signup_country=PK&signup_business_name=NEXT&signup_business_type=sole&signup_business_reg=12345&signup_business_country=PK&signup_newsletter=1

2025-09-21 18:57:29
signup-first-name=Umar&signup-last-name=Ali&signup_email=umarali667%40gmail.com&signup_password=2806668%40Pak&signup_confirm_password=2806668%40Pak&signup_terms=agreed&signup_country=PK&signup_business_name=NEXT&signup_business_type=sole&signup_business_reg=12345&signup_business_country=PK&signup_newsletter=1

2025-09-21 19:06:08
signup-first-name=Umar&signup-last-name=Ali&signup_email=umarali667%40gmail.com&signup_password=2806668%40Pak&signup_confirm_password=2806668%40Pak&signup_terms=agreed&signup_country=PK&signup_business_name=NEXT&signup_business_type=sole&signup_business_reg=12345&signup_business_country=PK&signup_newsletter=1

2025-09-21 19:07:29
signup-first-name=Umar&signup-last-name=Ali&signup_email=umarali667%40gmail.com&signup_password=2806668%40Pak&signup_confirm_password=2806668%40Pak&signup_terms=agreed&signup_country=PK&signup_business_name=NEXT&signup_business_type=sole&signup_business_reg=12345&signup_business_country=PK&signup_newsletter=1

2025-09-21 19:08:08
signup-first-name=Umar&signup-last-name=Ali&signup_email=umarali667%40gmail.com&signup_password=2806668%40Pak&signup_confirm_password=2806668%40Pak&signup_terms=agreed&signup_country=PK&signup_business_name=NEXT&signup_business_type=sole&signup_business_reg=12345&signup_business_country=PK&signup_newsletter=1

2025-09-21 19:08:11
signup-first-name=Umar&signup-last-name=Ali&signup_email=umarali667%40gmail.com&signup_password=2806668%40Pak&signup_confirm_password=2806668%40Pak&signup_terms=agreed&signup_country=PK&signup_business_name=NEXT&signup_business_type=sole&signup_business_reg=12345&signup_business_country=PK&signup_newsletter=1

2025-09-21 19:08:12
signup-first-name=Umar&signup-last-name=Ali&signup_email=umarali667%40gmail.com&signup_password=2806668%40Pak&signup_confirm_password=2806668%40Pak&signup_terms=agreed&signup_country=PK&signup_business_name=NEXT&signup_business_type=sole&signup_business_reg=12345&signup_business_country=PK&signup_newsletter=1

2025-09-21 19:08:50
signup-first-name=Umar&signup-last-name=Ali&signup_email=umarali667%40gmail.com&signup_password=2806668%40Pak&signup_confirm_password=2806668%40Pak&signup_terms=agreed&signup_country=PK&signup_business_name=NEXT&signup_business_type=sole&signup_business_reg=12345&signup_business_country=PK&signup_newsletter=1

2025-09-21 19:51:36
signup-first-name=super&signup-last-name=admin&signup_email=super%40admin.com&signup_password=Super%40admin123&signup_confirm_password=Super%40admin123&signup_terms=agreed&signup_country=PK&signup_business_name=NEXT&signup_business_type=sole&signup_business_reg=12345&signup_business_country=PK&signup_newsletter=1

2025-09-22 06:58:25
signup-first-name=Ronaldo&signup-last-name=Footballer&signup_email=Ronaldo%40Football.com&signup_password=Ronaldo%4012345&signup_confirm_password=Ronaldo%4012345&signup_terms=agreed&signup_country=AU&signup_business_name=Football+Association&signup_business_type=llc&signup_business_reg=RONALDO12345&signup_business_country=AU&signup_newsletter=1

2025-09-22 08:10:38
signup-first-name=Test&signup-last-name=User&signup_email=test%40user.com&signup_password=Password%40123&signup_confirm_password=Password%40123&signup_terms=agreed&signup_country=PK&signup_business_name=Test+business&signup_business_type=sole&signup_business_reg=Test12345&signup_business_country=PK&signup_newsletter=1

2025-09-22 09:56:54
signup-first-name=Umar&signup-last-name=Ali&signup_email=test%40user.com&signup_password=Password%40123&signup_confirm_password=Password%40123&signup_terms=agreed&signup_country=PK&signup_business_name=Business&signup_business_type=sole&signup_business_reg=12345&signup_business_country=PK&signup_newsletter=1

2025-09-22 09:58:44
signup-first-name=Umar&signup-last-name=Ali&signup_email=test%40user.com&signup_password=Password%40123&signup_confirm_password=Password%40123&signup_terms=agreed&signup_country=PK&signup_business_name=Business&signup_business_type=sole&signup_business_reg=12345&signup_business_country=PK&signup_newsletter=1

2025-09-22 09:58:52
signup-first-name=Umar&signup-last-name=Ali&signup_email=test%40user.com&signup_password=Password%40123&signup_confirm_password=Password%40123&signup_terms=agreed&signup_country=PK&signup_business_name=Business&signup_business_type=sole&signup_business_reg=12345&signup_business_country=PK&signup_newsletter=1

2025-09-22 10:05:34
signup-first-name=Umar&signup-last-name=Ali&signup_email=test%40user.com&signup_password=Password%40123&signup_confirm_password=Password%40123&signup_terms=agreed&signup_country=PK&signup_business_name=Business&signup_business_type=sole&signup_business_reg=123465&signup_business_country=PK&signup_newsletter=1

2025-09-22 10:20:19
signup-first-name=Umar&signup-last-name=Ali&signup_email=test%40user.com&signup_password=Password%40123&signup_confirm_password=Password%40123&signup_terms=agreed&signup_country=PK&signup_business_name=Business&signup_business_type=sole&signup_business_reg=123465&signup_business_country=PK&signup_newsletter=1

2025-09-22 10:49:43
signup-first-name=Super&signup-last-name=Admin&signup_email=Super%40admin.com&signup_password=Super%40admin123&signup_confirm_password=Super%40admin123&signup_terms=agreed&signup_country=PK&signup_business_name=NEXT&signup_business_type=sole&signup_business_reg=12345&signup_business_country=PK&signup_newsletter=1

